[debug] [2022-01-10T16:49:32.839Z] ----------------------------------------------------------------------
[debug] [2022-01-10T16:49:32.841Z] Command:       C:\Program Files\nodejs\node.exe C:\Users\naira\AppData\Roaming\npm\node_modules\firebase-tools\lib\bin\firebase.js deploy
[debug] [2022-01-10T16:49:32.841Z] CLI Version:   9.16.0
[debug] [2022-01-10T16:49:32.841Z] Platform:      win32
[debug] [2022-01-10T16:49:32.841Z] Node Version:  v16.13.0
[debug] [2022-01-10T16:49:32.849Z] Time:          Mon Jan 10 2022 13:49:32 GMT-0300 (Horário Padrão de Brasília)
[debug] [2022-01-10T16:49:32.849Z] ----------------------------------------------------------------------
[debug] 
[debug] [2022-01-10T16:49:32.854Z] >>> [apiv2][query] GET https://firebase-public.firebaseio.com/cli.json [none]
[debug] [2022-01-10T16:49:32.944Z] > command requires scopes: ["email","openid","https://www.googleapis.com/auth/cloudplatformprojects.readonly","https://www.googleapis.com/auth/firebase","https://www.googleapis.com/auth/cloud-platform"]
[debug] [2022-01-10T16:49:32.944Z] > authorizing via signed-in user (assentamentolouveira@gmail.com)
[debug] [2022-01-10T16:49:32.944Z] [iam] checking project assentamento-louveira for permissions ["firebase.projects.get","firebasehosting.sites.update"]
[debug] [2022-01-10T16:49:32.946Z] > refreshing access token with scopes: ["email","https://www.googleapis.com/auth/cloud-platform","https://www.googleapis.com/auth/cloudplatformprojects.readonly","https://www.googleapis.com/auth/firebase","openid"]
[debug] [2022-01-10T16:49:32.946Z] >>> HTTP REQUEST POST https://www.googleapis.com/oauth2/v3/token  
 <request body omitted>
[debug] [2022-01-10T16:49:32.955Z] FetchError: request to https://firebase-public.firebaseio.com/cli.json failed, reason: getaddrinfo ENOTFOUND firebase-public.firebaseio.com
    at ClientRequest.<anonymous> (C:\Users\naira\AppData\Roaming\npm\node_modules\firebase-tools\node_modules\node-fetch\lib\index.js:1461:11)
    at ClientRequest.emit (node:events:390:28)
    at ClientRequest.emit (node:domain:475:12)
    at TLSSocket.socketErrorListener (node:_http_client:447:9)
    at TLSSocket.emit (node:events:390:28)
    at TLSSocket.emit (node:domain:475:12)
    at emitErrorNT (node:internal/streams/destroy:157:8)
    at emitErrorCloseNT (node:internal/streams/destroy:122:3)
    at processTicksAndRejections (node:internal/process/task_queues:83:21)
[error] 
[error] Error: Failed to make request to https://firebase-public.firebaseio.com/cli.json
[debug] [2022-01-10T16:49:32.959Z] [iam] error while checking permissions, command may fail: FirebaseError: Authentication Error: Your credentials are no longer valid. Please run firebase login --reauth

For CI servers and headless environments, generate a new token with firebase login:ci
[debug] [2022-01-10T16:49:32.959Z] > refreshing access token with scopes: []
[debug] [2022-01-10T16:49:32.959Z] >>> HTTP REQUEST POST https://www.googleapis.com/oauth2/v3/token  
 <request body omitted>
[debug] [2022-01-10T16:49:32.963Z] Authentication Error: Your credentials are no longer valid. Please run firebase login --reauth

For CI servers and headless environments, generate a new token with firebase login:ci
[debug] [2022-01-10T16:49:32.970Z] FirebaseError: Authentication Error: Your credentials are no longer valid. Please run firebase login --reauth

For CI servers and headless environments, generate a new token with firebase login:ci
    at invalidCredentialError (C:\Users\naira\AppData\Roaming\npm\node_modules\firebase-tools\lib\auth.js:141:12)
    at refreshTokens (C:\Users\naira\AppData\Roaming\npm\node_modules\firebase-tools\lib\auth.js:448:15)
    at processTicksAndRejections (node:internal/process/task_queues:96:5)
    at async Client.getAccessToken (C:\Users\naira\AppData\Roaming\npm\node_modules\firebase-tools\lib\apiv2.js:144:23)
    at async Client.addAuthHeader (C:\Users\naira\AppData\Roaming\npm\node_modules\firebase-tools\lib\apiv2.js:135:21)
    at async Client.request (C:\Users\naira\AppData\Roaming\npm\node_modules\firebase-tools\lib\apiv2.js:93:34)
    at async Object.getFirebaseProject (C:\Users\naira\AppData\Roaming\npm\node_modules\firebase-tools\lib\management\projects.js:290:21)
    at async Object.getDefaultHostingSite (C:\Users\naira\AppData\Roaming\npm\node_modules\firebase-tools\lib\getDefaultHostingSite.js:8:21)
    at async requireHostingSite (C:\Users\naira\AppData\Roaming\npm\node_modules\firebase-tools\lib\requireHostingSite.js:9:18)
    at async Object.fn (C:\Users\naira\AppData\Roaming\npm\node_modules\firebase-tools\lib\commands\deploy.js:65:9)
    at async C:\Users\naira\AppData\Roaming\npm\node_modules\firebase-tools\lib\command.js:169:17
[error] 
[error] Error: Failed to get Firebase project assentamento-louveira. Please make sure the project exists and your account has permission to access it.
